<?xml version="1.0" encoding="UTF-8"?>
<!-- Generated by org.testng.reporters.JUnitReportReporter -->
<testsuite hostname="Lyncean-PC" name="scenerio_Component.Scenerio_Search" tests="1" failures="0" timestamp="23 Apr 2017 05:51:33 GMT" time="52.489" errors="0">
  <testcase name="testValidSearch" time="52.489" classname="scenerio_Component.Scenerio_Search"/>
</testsuite> <!-- scenerio_Component.Scenerio_Search -->
